{"/home/greinisch/Projects/flux-view/fv-tabs/src/lib/tabs.view.ts": {"path":"/home/greinisch/Projects/flux-view/fv-tabs/src/lib/tabs.view.ts","statementMap":{"0":{"start":{"line":2,"column":0},"end":{"line":2,"column":93}},"1":{"start":{"line":3,"column":0},"end":{"line":3,"column":44}},"2":{"start":{"line":4,"column":0},"end":{"line":4,"column":60}},"3":{"start":{"line":6,"column":0},"end":{"line":6,"column":null}},"4":{"start":{"line":10,"column":36},"end":{"line":10,"column":46}},"5":{"start":{"line":10,"column":64},"end":{"line":10,"column":76}},"6":{"start":{"line":8,"column":17},"end":{"line":12,"column":null}},"7":{"start":{"line":23,"column":12},"end":{"line":23,"column":null}},"8":{"start":{"line":25,"column":12},"end":{"line":33,"column":null}},"9":{"start":{"line":26,"column":16},"end":{"line":26,"column":null}},"10":{"start":{"line":27,"column":16},"end":{"line":31,"column":null}},"11":{"start":{"line":28,"column":40},"end":{"line":28,"column":59}},"12":{"start":{"line":30,"column":20},"end":{"line":30,"column":null}},"13":{"start":{"line":32,"column":16},"end":{"line":32,"column":22}},"14":{"start":{"line":34,"column":12},"end":{"line":34,"column":null}},"15":{"start":{"line":14,"column":17},"end":{"line":36,"column":null}},"16":{"start":{"line":38,"column":15},"end":{"line":38,"column":null}},"17":{"start":{"line":39,"column":15},"end":{"line":39,"column":null}},"18":{"start":{"line":40,"column":15},"end":{"line":40,"column":null}},"19":{"start":{"line":57,"column":12},"end":{"line":57,"column":null}},"20":{"start":{"line":59,"column":12},"end":{"line":59,"column":null}},"21":{"start":{"line":60,"column":30},"end":{"line":60,"column":89}},"22":{"start":{"line":60,"column":72},"end":{"line":60,"column":87}},"23":{"start":{"line":62,"column":27},"end":{"line":80,"column":18}},"24":{"start":{"line":65,"column":20},"end":{"line":79,"column":null}},"25":{"start":{"line":68,"column":28},"end":{"line":77,"column":null}},"26":{"start":{"line":72,"column":40},"end":{"line":72,"column":null}},"27":{"start":{"line":76,"column":51},"end":{"line":76,"column":113}},"28":{"start":{"line":81,"column":27},"end":{"line":86,"column":null}},"29":{"start":{"line":83,"column":45},"end":{"line":83,"column":80}},"30":{"start":{"line":83,"column":67},"end":{"line":83,"column":79}},"31":{"start":{"line":84,"column":39},"end":{"line":84,"column":59}},"32":{"start":{"line":86,"column":29},"end":{"line":86,"column":61}},"33":{"start":{"line":89,"column":12},"end":{"line":95,"column":null}},"34":{"start":{"line":42,"column":17},"end":{"line":97,"column":null}}},"fnMap":{"0":{"name":"(anonymous_0)","decl":{"start":{"line":6,"column":0},"end":{"line":6,"column":17}},"loc":{"start":{"line":6,"column":21},"end":{"line":98,"column":1}}},"1":{"name":"(anonymous_1)","decl":{"start":{"line":10,"column":8},"end":{"line":10,"column":36}},"loc":{"start":{"line":10,"column":76},"end":{"line":11,"column":9}}},"2":{"name":"(anonymous_2)","decl":{"start":{"line":19,"column":8},"end":{"line":19,"column":null}},"loc":{"start":{"line":21,"column":57},"end":{"line":35,"column":9}}},"3":{"name":"(anonymous_3)","decl":{"start":{"line":28,"column":28},"end":{"line":28,"column":36}},"loc":{"start":{"line":28,"column":40},"end":{"line":28,"column":59}}},"4":{"name":"(anonymous_4)","decl":{"start":{"line":29,"column":29},"end":{"line":29,"column":32}},"loc":{"start":{"line":29,"column":34},"end":{"line":31,"column":17}}},"5":{"name":"(anonymous_5)","decl":{"start":{"line":46,"column":8},"end":{"line":46,"column":20}},"loc":{"start":{"line":56,"column":9},"end":{"line":96,"column":9}}},"6":{"name":"(anonymous_6)","decl":{"start":{"line":60,"column":66},"end":{"line":60,"column":68}},"loc":{"start":{"line":60,"column":72},"end":{"line":60,"column":87}}},"7":{"name":"(anonymous_7)","decl":{"start":{"line":64,"column":16},"end":{"line":64,"column":17}},"loc":{"start":{"line":64,"column":41},"end":{"line":80,"column":17}}},"8":{"name":"(anonymous_8)","decl":{"start":{"line":67,"column":44},"end":{"line":67,"column":45}},"loc":{"start":{"line":67,"column":56},"end":{"line":78,"column":25}}},"9":{"name":"(anonymous_9)","decl":{"start":{"line":71,"column":36},"end":{"line":71,"column":37}},"loc":{"start":{"line":71,"column":50},"end":{"line":73,"column":37}}},"10":{"name":"(anonymous_10)","decl":{"start":{"line":76,"column":41},"end":{"line":76,"column":42}},"loc":{"start":{"line":76,"column":48},"end":{"line":76,"column":113}}},"11":{"name":"(anonymous_11)","decl":{"start":{"line":83,"column":25},"end":{"line":83,"column":26}},"loc":{"start":{"line":83,"column":45},"end":{"line":83,"column":80}}},"12":{"name":"(anonymous_12)","decl":{"start":{"line":83,"column":60},"end":{"line":83,"column":63}},"loc":{"start":{"line":83,"column":67},"end":{"line":83,"column":79}}},"13":{"name":"(anonymous_13)","decl":{"start":{"line":84,"column":28},"end":{"line":84,"column":35}},"loc":{"start":{"line":84,"column":39},"end":{"line":84,"column":59}}},"14":{"name":"(anonymous_14)","decl":{"start":{"line":86,"column":16},"end":{"line":86,"column":17}},"loc":{"start":{"line":86,"column":29},"end":{"line":86,"column":61}}}},"branchMap":{"0":{"loc":{"start":{"line":23,"column":62},"end":{"line":23,"column":70}},"type":"cond-expr","locations":[{"start":{"line":23,"column":62},"end":{"line":23,"column":70}},{"start":{"line":23,"column":73},"end":{"line":23,"column":85}}]},"1":{"loc":{"start":{"line":25,"column":12},"end":{"line":33,"column":null}},"type":"if","locations":[{"start":{"line":25,"column":12},"end":{"line":33,"column":null}},{"start":{"line":25,"column":12},"end":{"line":33,"column":null}}]},"2":{"loc":{"start":{"line":34,"column":73},"end":{"line":34,"column":83}},"type":"cond-expr","locations":[{"start":{"line":34,"column":73},"end":{"line":34,"column":83}},{"start":{"line":34,"column":85},"end":{"line":34,"column":116}}]},"3":{"loc":{"start":{"line":72,"column":66},"end":{"line":72,"column":92}},"type":"cond-expr","locations":[{"start":{"line":72,"column":66},"end":{"line":72,"column":92}},{"start":{"line":72,"column":95},"end":{"line":72,"column":101}}]},"4":{"loc":{"start":{"line":6,"column":17},"end":{"line":6,"column":21}},"type":"binary-expr","locations":[{"start":{"line":6,"column":17},"end":{"line":6,"column":21}},{"start":{"line":6,"column":17},"end":{"line":6,"column":null}}]}},"s":{"0":1,"1":1,"2":1,"3":1,"4":4,"5":4,"6":1,"7":2,"8":2,"9":1,"10":1,"11":1,"12":1,"13":1,"14":1,"15":1,"16":1,"17":1,"18":1,"19":2,"20":2,"21":2,"22":9,"23":2,"24":2,"25":4,"26":6,"27":1,"28":2,"29":3,"30":5,"31":3,"32":3,"33":2,"34":1},"f":{"0":1,"1":4,"2":2,"3":1,"4":1,"5":2,"6":9,"7":2,"8":4,"9":6,"10":1,"11":3,"12":5,"13":3,"14":3},"b":{"0":[0,2],"1":[1,1],"2":[0,1],"3":[3,3],"4":[1,1]}}
}
