TN:
SF:src/lib/tabs.view.ts
FN:6,(anonymous_0)
FN:10,(anonymous_1)
FN:19,(anonymous_2)
FN:28,(anonymous_3)
FN:29,(anonymous_4)
FN:46,(anonymous_5)
FN:60,(anonymous_6)
FN:64,(anonymous_7)
FN:67,(anonymous_8)
FN:71,(anonymous_9)
FN:76,(anonymous_10)
FN:83,(anonymous_11)
FN:83,(anonymous_12)
FN:84,(anonymous_13)
FN:86,(anonymous_14)
FNF:15
FNH:15
FNDA:1,(anonymous_0)
FNDA:4,(anonymous_1)
FNDA:2,(anonymous_2)
FNDA:1,(anonymous_3)
FNDA:1,(anonymous_4)
FNDA:2,(anonymous_5)
FNDA:9,(anonymous_6)
FNDA:2,(anonymous_7)
FNDA:4,(anonymous_8)
FNDA:6,(anonymous_9)
FNDA:1,(anonymous_10)
FNDA:3,(anonymous_11)
FNDA:5,(anonymous_12)
FNDA:3,(anonymous_13)
FNDA:3,(anonymous_14)
DA:2,1
DA:3,1
DA:4,1
DA:6,1
DA:8,1
DA:10,4
DA:14,1
DA:23,2
DA:25,2
DA:26,1
DA:27,1
DA:28,1
DA:30,1
DA:32,1
DA:34,1
DA:38,1
DA:39,1
DA:40,1
DA:42,1
DA:57,2
DA:59,2
DA:60,9
DA:62,2
DA:65,2
DA:68,4
DA:72,6
DA:76,1
DA:81,2
DA:83,5
DA:84,3
DA:86,3
DA:89,2
LF:32
LH:32
BRDA:23,0,0,0
BRDA:23,0,1,2
BRDA:25,1,0,1
BRDA:25,1,1,1
BRDA:34,2,0,0
BRDA:34,2,1,1
BRDA:72,3,0,3
BRDA:72,3,1,3
BRDA:6,4,0,1
BRDA:6,4,1,1
BRF:10
BRH:8
end_of_record
